{
  "RSpec": {
    "coverage": {
      "/Users/luke/Work/market_town/checkout/spec/support/02_pry.rb": [
        1
      ],
      "/Users/luke/Work/market_town/checkout/spec/support/03_checkout.rb": [
        1,
        1,
        1,
        null,
        1,
        10,
        null
      ],
      "/Users/luke/Work/market_town/checkout/lib/market_town/checkout.rb": [
        null,
        null,
        null,
        null,
        null,
        1,
        null,
        null,
        null,
        null,
        null,
        null,
        null,
        null,
        null,
        null,
        null,
        null,
        null,
        null,
        null,
        null,
        null,
        null,
        null,
        null,
        null,
        null,
        null,
        null,
        null,
        null,
        null,
        null,
        null,
        null,
        null,
        null,
        null,
        1,
        1,
        null,
        null,
        null,
        null,
        null,
        null,
        1,
        0,
        0,
        null,
        null,
        null,
        null,
        1,
        1,
        1,
        1,
        1,
        1,
        1,
        1,
        1
      ],
      "/Users/luke/Work/market_town/checkout/lib/market_town/checkout/models/address.rb": [
        1,
        1,
        null,
        1,
        1,
        null,
        null,
        null,
        null,
        null,
        null,
        1,
        null,
        null,
        null,
        null,
        null,
        null,
        null,
        null,
        null,
        null,
        null,
        null,
        null,
        null,
        null,
        1,
        0,
        null,
        0,
        0,
        null,
        null,
        null,
        null,
        1,
        null,
        1,
        null,
        null,
        null,
        null,
        null,
        null,
        null,
        null,
        null,
        null,
        1,
        1,
        1,
        1,
        1,
        null,
        1,
        null,
        1,
        null,
        1,
        0,
        0,
        null,
        null,
        null,
        null,
        null,
        1,
        1,
        null,
        1,
        0,
        null,
        null,
        null,
        null,
        null
      ],
      "/Users/luke/Work/market_town/checkout/lib/market_town/checkout/missing_dependency.rb": [
        1,
        1,
        null,
        null,
        null,
        null,
        null,
        null,
        null,
        null,
        null,
        null,
        null,
        null,
        null,
        null,
        null,
        null,
        null,
        1,
        null,
        null
      ],
      "/Users/luke/Work/market_town/checkout/lib/market_town/checkout/dependencies.rb": [
        1,
        1,
        null,
        null,
        null,
        null,
        null,
        null,
        null,
        null,
        null,
        null,
        null,
        null,
        null,
        null,
        null,
        null,
        null,
        null,
        null,
        null,
        null,
        null,
        null,
        null,
        null,
        null,
        null,
        null,
        null,
        null,
        null,
        null,
        null,
        null,
        null,
        null,
        null,
        null,
        null,
        null,
        null,
        null,
        null,
        null,
        null,
        null,
        null,
        null,
        null,
        null,
        null,
        null,
        null,
        null,
        null,
        null,
        null,
        null,
        null,
        null,
        null,
        null,
        null,
        null,
        null,
        null,
        null,
        null,
        null,
        null,
        null,
        null,
        1,
        1,
        2,
        null,
        null,
        null,
        null,
        null,
        null,
        null,
        null,
        null,
        1,
        2,
        null,
        2,
        null,
        null,
        null,
        null,
        null,
        null,
        1,
        1,
        null,
        1,
        1,
        null,
        null,
        null,
        null
      ],
      "/Users/luke/Work/market_town/checkout/lib/market_town/checkout/error.rb": [
        1,
        1,
        1,
        1,
        null,
        null,
        null,
        null,
        null,
        null,
        0,
        null,
        null,
        null,
        null
      ],
      "/Users/luke/Work/market_town/checkout/lib/market_town/checkout/steps/step.rb": [
        1,
        1,
        null,
        null,
        null,
        null,
        null,
        null,
        null,
        null,
        null,
        null,
        null,
        null,
        null,
        null,
        null,
        null,
        null,
        null,
        null,
        null,
        null,
        null,
        null,
        null,
        null,
        null,
        null,
        null,
        null,
        null,
        null,
        null,
        null,
        null,
        null,
        null,
        null,
        null,
        null,
        null,
        null,
        null,
        null,
        null,
        null,
        null,
        null,
        null,
        null,
        null,
        null,
        null,
        null,
        null,
        null,
        null,
        null,
        null,
        null,
        null,
        null,
        null,
        null,
        null,
        null,
        null,
        null,
        null,
        null,
        null,
        1,
        null,
        null,
        null,
        null,
        null,
        null,
        null,
        null,
        null,
        null,
        null,
        null,
        null,
        null,
        null,
        null,
        1,
        6,
        2,
        null,
        4,
        null,
        null,
        null,
        1,
        null,
        null,
        null,
        null,
        null,
        1,
        2,
        2,
        null,
        null,
        null,
        null,
        null,
        null,
        1,
        2,
        null,
        null,
        1,
        null,
        1,
        2,
        null,
        null,
        1,
        4,
        null,
        null,
        1,
        1,
        1,
        null,
        null,
        null,
        null
      ],
      "/Users/luke/Work/market_town/checkout/lib/market_town/checkout/steps/cart_step.rb": [
        1,
        1,
        null,
        null,
        null,
        null,
        null,
        null,
        null,
        null,
        null,
        null,
        1,
        1,
        null,
        1,
        null,
        null,
        null,
        1,
        null,
        null,
        null,
        1,
        2,
        1,
        null,
        null,
        null,
        null,
        null,
        1,
        1,
        null,
        1,
        null,
        null,
        null,
        null,
        1,
        null,
        null,
        null,
        null,
        1,
        1,
        null,
        null,
        null,
        null
      ],
      "/Users/luke/Work/market_town/checkout/lib/market_town/checkout/steps/address_step.rb": [
        1,
        1,
        null,
        null,
        null,
        null,
        null,
        null,
        null,
        null,
        null,
        1,
        1,
        1,
        null,
        1,
        null,
        null,
        null,
        null,
        null,
        null,
        null,
        1,
        null,
        null,
        null,
        1,
        0,
        null,
        null,
        null,
        null,
        1,
        0,
        0,
        null,
        null,
        null,
        null,
        null,
        1,
        0,
        null,
        null,
        null,
        null,
        null,
        null,
        1,
        0,
        0,
        null,
        null,
        0,
        null,
        null,
        null,
        null,
        1,
        0,
        null,
        0,
        null,
        null,
        null,
        null,
        null,
        1,
        0,
        null,
        0,
        null,
        null,
        null,
        null,
        1,
        0,
        null,
        null,
        1,
        null,
        1,
        0,
        null,
        0,
        null,
        null,
        null,
        null
      ],
      "/Users/luke/Work/market_town/checkout/lib/market_town/checkout/steps/delivery_step.rb": [
        1,
        1,
        null,
        null,
        null,
        null,
        null,
        null,
        null,
        null,
        1,
        1,
        1,
        null,
        1,
        null,
        null,
        null,
        null,
        null,
        1,
        null,
        null,
        null,
        1,
        0,
        null,
        0,
        null,
        null,
        null,
        null,
        null,
        null,
        1,
        0,
        0,
        null,
        null,
        0,
        null,
        null,
        null,
        null,
        1,
        0,
        null,
        0,
        null,
        null,
        null,
        null,
        1,
        0,
        null,
        0,
        null,
        null,
        null,
        null,
        1,
        0,
        null,
        null,
        null,
        null
      ],
      "/Users/luke/Work/market_town/checkout/lib/market_town/checkout/steps/complete_step.rb": [
        1,
        1,
        null,
        null,
        null,
        null,
        null,
        null,
        null,
        null,
        null,
        null,
        null,
        1,
        1,
        null,
        1,
        null,
        null,
        null,
        null,
        1,
        null,
        null,
        null,
        1,
        0,
        0,
        null,
        null,
        null,
        null,
        null,
        1,
        0,
        null,
        0,
        null,
        null,
        null,
        null,
        1,
        0,
        null,
        0,
        null,
        null,
        null,
        null,
        1,
        0,
        null,
        null,
        null,
        null
      ],
      "/Users/luke/Work/market_town/checkout/lib/market_town/checkout/integrations/solidus.rb": [
        1,
        1,
        null,
        null,
        1,
        null,
        null,
        null,
        null,
        1,
        1
      ],
      "/Users/luke/Work/market_town/checkout/lib/market_town/checkout/integrations/spree.rb": [
        1,
        1,
        null,
        null,
        1,
        null,
        null,
        null,
        null,
        1,
        1,
        1
      ],
      "/Users/luke/Work/market_town/checkout/lib/market_town/checkout/integrations/spree/order.rb": [
        1,
        1,
        1,
        1,
        1,
        2,
        null,
        null,
        null,
        null,
        null
      ],
      "/Users/luke/Work/market_town/checkout/lib/market_town/checkout/integrations/spree/finish.rb": [
        1,
        1,
        1,
        1,
        1,
        1,
        null,
        null,
        null,
        null,
        null
      ],
      "/Users/luke/Work/market_town/checkout/lib/market_town/checkout/integrations/spree/container.rb": [
        1,
        1,
        1,
        1,
        1,
        0,
        null,
        null,
        1,
        0,
        0,
        null,
        null,
        null,
        null,
        null
      ],
      "/Users/luke/Work/market_town/checkout/lib/market_town/checkout/integrations/solidus/container.rb": [
        1,
        1,
        1,
        1,
        1,
        2,
        null,
        null,
        1,
        1,
        1,
        null,
        null,
        null,
        null,
        null
      ],
      "/Users/luke/Work/market_town/checkout/lib/market_town/checkout/contracts/address_storage.rb": [
        1,
        1,
        1,
        1,
        null,
        null,
        null,
        1,
        0,
        null,
        null,
        null,
        null,
        null,
        null,
        1,
        null,
        null,
        1,
        0,
        0,
        0,
        null,
        null,
        0,
        0,
        0,
        null,
        null,
        null,
        null,
        null,
        null
      ],
      "/Users/luke/Work/market_town/checkout/lib/market_town/checkout/contracts/credit.rb": [
        1,
        1,
        1,
        1,
        1,
        null,
        null,
        1,
        0,
        0,
        0,
        null,
        null,
        null,
        null,
        null,
        null
      ],
      "/Users/luke/Work/market_town/checkout/lib/market_town/checkout/contracts/finish.rb": [
        1,
        1,
        1,
        1,
        1,
        null,
        null,
        1,
        null,
        null,
        1,
        null,
        null,
        1,
        null,
        null,
        1,
        0,
        null,
        null,
        1,
        null,
        null,
        1,
        0,
        0,
        0,
        null,
        null,
        0,
        0,
        0,
        null,
        null,
        0,
        0,
        0,
        null,
        null,
        0,
        0,
        0,
        null,
        null,
        0,
        0,
        0,
        null,
        null,
        0,
        0,
        0,
        null,
        null,
        null,
        null,
        null,
        null
      ],
      "/Users/luke/Work/market_town/checkout/lib/market_town/checkout/contracts/fulfilments.rb": [
        1,
        1,
        1,
        1,
        1,
        0,
        null,
        null,
        1,
        null,
        null,
        1,
        0,
        null,
        null,
        1,
        null,
        null,
        1,
        null,
        null,
        1,
        0,
        0,
        0,
        null,
        null,
        0,
        0,
        0,
        null,
        null,
        0,
        0,
        0,
        null,
        null,
        0,
        0,
        0,
        null,
        null,
        0,
        0,
        0,
        null,
        null,
        null,
        null,
        null,
        null
      ],
      "/Users/luke/Work/market_town/checkout/lib/market_town/checkout/contracts/notifications.rb": [
        1,
        1,
        1,
        1,
        1,
        null,
        null,
        1,
        0,
        0,
        0,
        null,
        null,
        null,
        null,
        null,
        null
      ],
      "/Users/luke/Work/market_town/checkout/lib/market_town/checkout/contracts/order.rb": [
        1,
        1,
        1,
        1,
        1,
        0,
        null,
        null,
        1,
        0,
        0,
        0,
        null,
        null,
        null,
        null,
        null,
        null
      ],
      "/Users/luke/Work/market_town/checkout/lib/market_town/checkout/contracts/payments.rb": [
        1,
        1,
        1,
        1,
        1,
        0,
        null,
        null,
        1,
        null,
        null,
        1,
        0,
        null,
        null,
        1,
        null,
        null,
        1,
        null,
        null,
        1,
        0,
        0,
        0,
        null,
        null,
        0,
        0,
        0,
        null,
        null,
        0,
        0,
        0,
        null,
        null,
        0,
        0,
        0,
        null,
        null,
        0,
        0,
        0,
        null,
        null,
        null,
        null,
        null,
        null
      ],
      "/Users/luke/Work/market_town/checkout/lib/market_town/checkout/contracts/promotions.rb": [
        1,
        1,
        1,
        1,
        1,
        null,
        null,
        1,
        null,
        null,
        1,
        0,
        0,
        0,
        null,
        null,
        0,
        0,
        0,
        null,
        null,
        null,
        null,
        null,
        null
      ],
      "/Users/luke/Work/market_town/checkout/lib/market_town/checkout/contracts/shared_examples.rb": [
        1,
        0,
        null,
        null,
        1,
        0,
        null,
        null,
        1,
        0,
        null
      ],
      "/Users/luke/Work/market_town/checkout/lib/market_town/checkout/contracts/tax.rb": [
        1,
        1,
        1,
        1,
        1,
        null,
        null,
        1,
        0,
        0,
        0,
        null,
        null,
        null,
        null,
        null,
        null
      ],
      "/Users/luke/Work/market_town/checkout/spec/support/factory_girl.rb": [
        1,
        null,
        1,
        1,
        null,
        1,
        1,
        null
      ],
      "/Users/luke/Work/market_town/checkout/spec/support/ffaker.rb": [
        1
      ],
      "/Users/luke/Work/market_town/checkout/spec/checkout/integrations/solidus/cart_step_spec.rb": [
        1,
        1,
        null,
        1,
        1,
        3,
        1,
        null,
        null
      ],
      "/Users/luke/Work/market_town/checkout/spec/checkout/integrations/solidus/spec_helper.rb": [
        1,
        1,
        1,
        1,
        1
      ],
      "/Users/luke/Work/market_town/checkout/spec/fixtures/solidus/dummy/config/environment.rb": [
        null,
        1,
        null,
        null,
        1
      ],
      "/Users/luke/Work/market_town/checkout/spec/fixtures/solidus/dummy/config/application.rb": [
        1,
        null,
        1,
        null,
        1,
        null,
        1,
        null,
        1,
        1,
        null,
        1,
        null,
        1,
        0,
        null,
        null,
        null,
        1,
        0,
        null,
        null,
        null,
        null,
        null,
        null,
        null,
        null,
        null,
        null,
        null,
        null,
        null,
        null,
        null,
        null,
        1,
        null,
        null,
        null,
        null
      ],
      "/Users/luke/Work/market_town/checkout/spec/fixtures/solidus/dummy/config/boot.rb": [
        1,
        1,
        null,
        1,
        1,
        1
      ],
      "/Users/luke/Work/market_town/checkout/spec/fixtures/solidus/dummy/config/environments/test.rb": [
        1,
        null,
        null,
        null,
        null,
        null,
        null,
        1,
        null,
        null,
        1,
        1,
        null,
        null,
        1,
        1,
        null,
        1,
        null,
        null,
        1,
        null,
        null,
        1,
        null,
        null,
        null,
        null,
        1,
        1,
        null,
        null,
        null,
        1,
        null
      ],
      "/Users/luke/Work/market_town/checkout/spec/fixtures/solidus/dummy/config/initializers/assets.rb": [
        null,
        null,
        null,
        1,
        null,
        null,
        null,
        null,
        null,
        null,
        null
      ],
      "/Users/luke/Work/market_town/checkout/spec/fixtures/solidus/dummy/config/initializers/backtrace_silencers.rb": [
        null,
        null,
        null,
        null,
        null,
        null,
        null
      ],
      "/Users/luke/Work/market_town/checkout/spec/fixtures/solidus/dummy/config/initializers/cookies_serializer.rb": [
        null,
        null,
        1
      ],
      "/Users/luke/Work/market_town/checkout/spec/fixtures/solidus/dummy/config/initializers/custom_user.rb": [
        null
      ],
      "/Users/luke/Work/market_town/checkout/spec/fixtures/solidus/dummy/config/initializers/devise.rb": [
        1,
        1,
        null
      ],
      "/Users/luke/Work/market_town/checkout/spec/fixtures/solidus/dummy/config/initializers/filter_parameter_logging.rb": [
        null,
        null,
        null,
        1
      ],
      "/Users/luke/Work/market_town/checkout/spec/fixtures/solidus/dummy/config/initializers/inflections.rb": [
        null,
        null,
        null,
        null,
        null,
        null,
        null,
        null,
        null,
        null,
        null,
        null,
        null,
        null,
        null,
        null
      ],
      "/Users/luke/Work/market_town/checkout/spec/fixtures/solidus/dummy/config/initializers/mime_types.rb": [
        null,
        null,
        null,
        null
      ],
      "/Users/luke/Work/market_town/checkout/spec/fixtures/solidus/dummy/config/initializers/session_store.rb": [
        null,
        null,
        1
      ],
      "/Users/luke/Work/market_town/checkout/spec/fixtures/solidus/dummy/config/initializers/spree.rb": [
        null,
        null,
        null,
        null,
        null,
        null,
        null,
        null,
        null,
        null,
        null,
        1,
        null,
        null,
        null,
        null,
        null,
        1
      ],
      "/Users/luke/Work/market_town/checkout/spec/fixtures/solidus/dummy/config/initializers/wrap_parameters.rb": [
        null,
        null,
        null,
        null,
        null,
        null,
        1,
        1,
        null,
        null,
        null,
        null,
        null,
        null
      ],
      "/Users/luke/Work/market_town/checkout/spec/fixtures/solidus/dummy/app/controllers/application_controller.rb": [
        1,
        null,
        null,
        1,
        null
      ],
      "/Users/luke/Work/market_town/checkout/spec/fixtures/solidus/dummy/app/helpers/application_helper.rb": [
        1,
        null
      ],
      "/Users/luke/Work/market_town/checkout/spec/fixtures/solidus/dummy/config/routes.rb": [
        1,
        null,
        null,
        null,
        null,
        null,
        null,
        1,
        null
      ],
      "/Users/luke/Work/market_town/checkout/spec/checkout/integrations/spree_like/cart_step.rb": [
        1,
        1,
        1,
        1,
        2,
        null,
        1,
        1,
        null,
        null,
        1,
        2,
        2,
        null,
        null,
        null,
        1,
        2,
        null,
        2,
        null,
        3,
        null,
        null,
        null,
        null
      ]
    },
    "timestamp": 1468017028
  }
}
